<?xml version="1.0" encoding="UTF-8"?>
<!-- Generated by org.testng.reporters.JUnitReportReporter -->
<testsuite hostname="LAPTOP-VBLRBBTQ" failures="0" tests="1" name="steps.RunnerFile" time="28.631" errors="0" timestamp="2021-01-30T13:37:38 EST" skipped="0">
  <testcase classname="steps.RunnerFile" name="runScenario" time="28.631"/>
</testsuite> <!-- steps.RunnerFile -->
