<?xml version="1.0" encoding="UTF-8"?>
<!-- Generated by org.testng.reporters.JUnitReportReporter -->
<testsuite hostname="LAPTOP-VBLRBBTQ" failures="0" tests="2" name="testCases.TC001_LoginLogout" time="17.392" errors="0" timestamp="2021-01-22T15:54:29 EST" skipped="0">
  <testcase classname="testCases.TC001_LoginLogout" name="loginLogout" time="8.322"/>
  <testcase classname="testCases.TC001_LoginLogout" name="loginLogout" time="9.070"/>
</testsuite> <!-- testCases.TC001_LoginLogout -->
