<?xml version="1.0" encoding="UTF-8"?>
<!-- Generated by org.testng.reporters.JUnitReportReporter -->
<testsuite hostname="LAPTOP-VBLRBBTQ" failures="0" tests="2" name="testCases.TC002_CreateLead" time="52.680" errors="0" timestamp="2021-01-24T18:52:08 EST" skipped="0">
  <testcase classname="testCases.TC002_CreateLead" name="createLead" time="26.276"/>
  <testcase classname="testCases.TC002_CreateLead" name="createLead" time="26.404"/>
</testsuite> <!-- testCases.TC002_CreateLead -->
